<?xml version='1.0' encoding='UTF-8'?>
<testsuite hostname="USLPJHKJJ12" name="com.example.HelloTest" tests="1" errors="0" failures="0" time="0.004">
                     <properties>
[...]
</properties>
                     <testcase classname="com.example.HelloTest" name="testMessage" time="0.004">
                                                 
                                               </testcase>
                     <system-out></system-out>
                     <system-err></system-err>
                   </testsuite>